<?xml version="1.0" encoding="UTF-8" ?>
<testsuite failures="1" time="2.862" errors="0" skipped="0" tests="79" name="TestSuite">
  <properties>
[...]
</properties>
  <testcase time="0.104" classname="com.mycompany.myselion.sample.selion.DataDrivenWithCustomTypesTest" name="testExcelDataValues"/>
  <testcase time="0.013" classname="com.mycompany.myselion.sample.selion.DataDrivenWithCustomTypesTest" name="testExcelDataValues"/>
  <testcase time="0.013" classname="com.mycompany.myselion.sample.selion.DataDrivenWithCustomTypesTest" name="testExcelDataValues"/>
  <testcase time="0.011" classname="com.mycompany.myselion.sample.selion.SimpleDataDrivenTest" name="testExcelDataValues"/>
  <testcase time="0.01" classname="com.mycompany.myselion.sample.selion.SimpleDataDrivenTest" name="testExcelDataValues"/>
  <testcase time="0.01" classname="com.mycompany.myselion.sample.selion.SimpleDataDrivenTest" name="testExcelDataValues"/>
  <testcase time="0.038" classname="com.mycompany.myselion.sample.selion.SimpleDataDrivenWithSelectiveRowsTest" name="testExcelDataValues"/>
  <testcase time="0.023" classname="com.mycompany.myselion.sample.selion.SimpleDataDrivenWithSelectiveRowsTest" name="testExcelDataValues"/>
  <testcase time="0.018" classname="com.mycompany.myselion.sample.selion.SimpleDataDrivenWithSelectiveRowsTest" name="testHowManyRowsWereRead"/>
  <testcase time="0.055" classname="com.mycompany.myselion.sample.selion.SoftAssertionsTest" name="simpleTestMethod">
    <failure message="Multiple (3) soft assertion failures occurred [
	1. AssertionError: Ensuring that falsy values are always falsy expected [false] but found [true]
		at org.testng.Assert.fail(Assert.java:94)
		at org.testng.Assert.failNotEquals(Assert.java:496)
		at org.testng.Assert.assertFalse(Assert.java:63)
		at org.testng.asserts.Assertion$3.doAssert(Assertion.java:130)
		at com.paypal.selion.platform.asserts.SeLionSoftAssert.executeAssert(SeLionSoftAssert.java:100)
		at com.paypal.selion.platform.asserts.SeLionSoftAssert.doAssert(SeLionSoftAssert.java:45)
		at org.testng.asserts.Assertion.assertFalse(Assertion.java:127)
		at com.paypal.selion.platform.asserts.SeLionAsserts.verifyFalse(SeLionAsserts.java:224)
		at com.mycompany.myselion.sample.selion.SoftAssertionsTest.simpleTestMethod(SoftAssertionsTest.java:36)
	2. AssertionError: Ensuring that the author of this test was Krishnan expected [Krishnan] but found [null]
		at org.testng.Assert.fail(Assert.java:94)
		at org.testng.Assert.failNotEquals(Assert.java:496)
		at org.testng.Assert.assertEquals(Assert.java:116)
		at org.testng.asserts.Assertion$8.doAssert(Assertion.java:175)
		at com.paypal.selion.platform.asserts.SeLionSoftAssert.executeAssert(SeLionSoftAssert.java:100)
		at com.paypal.selion.platform.asserts.SeLionSoftAssert.doAssert(SeLionSoftAssert.java:45)
		at org.testng.asserts.Assertion.assertEquals(Assertion.java:172)
		at com.paypal.selion.platform.asserts.SeLionAsserts.verifyEquals(SeLionAsserts.java:258)
		at com.mycompany.myselion.sample.selion.SoftAssertionsTest.simpleTestMethod(SoftAssertionsTest.java:37)
	3. AssertionError: Ensuring that Null values stay that way expected [null] but found [Rambo]
		at org.testng.Assert.fail(Assert.java:94)
		at org.testng.Assert.failNotSame(Assert.java:492)
		at org.testng.Assert.assertNull(Assert.java:428)
		at org.testng.asserts.Assertion$31.doAssert(Assertion.java:383)
		at com.paypal.selion.platform.asserts.SeLionSoftAssert.executeAssert(SeLionSoftAssert.java:100)
		at com.paypal.selion.platform.asserts.SeLionSoftAssert.doAssert(SeLionSoftAssert.java:45)
		at org.testng.asserts.Assertion.assertNull(Assertion.java:380)
		at com.paypal.selion.platform.asserts.SeLionAsserts.verifyNull(SeLionAsserts.java:338)
		at com.mycompany.myselion.sample.selion.SoftAssertionsTest.simpleTestMethod(SoftAssertionsTest.java:38)
	]" type="java.lang.AssertionError">java.lang.AssertionError: Multiple (3) soft assertion failures occurred [
	1. AssertionError: Ensuring that falsy values are always falsy expected [false] but found [true]
		at org.testng.Assert.fail(Assert.java:94)
		at org.testng.Assert.failNotEquals(Assert.java:496)
		at org.testng.Assert.assertFalse(Assert.java:63)
		at org.testng.asserts.Assertion$3.doAssert(Assertion.java:130)
		at com.paypal.selion.platform.asserts.SeLionSoftAssert.executeAssert(SeLionSoftAssert.java:100)
		at com.paypal.selion.platform.asserts.SeLionSoftAssert.doAssert(SeLionSoftAssert.java:45)
		at org.testng.asserts.Assertion.assertFalse(Assertion.java:127)
		at com.paypal.selion.platform.asserts.SeLionAsserts.verifyFalse(SeLionAsserts.java:224)
		at com.mycompany.myselion.sample.selion.SoftAssertionsTest.simpleTestMethod(SoftAssertionsTest.java:36)
	2. AssertionError: Ensuring that the author of this test was Krishnan expected [Krishnan] but found [null]
		at org.testng.Assert.fail(Assert.java:94)
		at org.testng.Assert.failNotEquals(Assert.java:496)
		at org.testng.Assert.assertEquals(Assert.java:116)
		at org.testng.asserts.Assertion$8.doAssert(Assertion.java:175)
		at com.paypal.selion.platform.asserts.SeLionSoftAssert.executeAssert(SeLionSoftAssert.java:100)
		at com.paypal.selion.platform.asserts.SeLionSoftAssert.doAssert(SeLionSoftAssert.java:45)
		at org.testng.asserts.Assertion.assertEquals(Assertion.java:172)
		at com.paypal.selion.platform.asserts.SeLionAsserts.verifyEquals(SeLionAsserts.java:258)
		at com.mycompany.myselion.sample.selion.SoftAssertionsTest.simpleTestMethod(SoftAssertionsTest.java:37)
	3. AssertionError: Ensuring that Null values stay that way expected [null] but found [Rambo]
		at org.testng.Assert.fail(Assert.java:94)
		at org.testng.Assert.failNotSame(Assert.java:492)
		at org.testng.Assert.assertNull(Assert.java:428)
		at org.testng.asserts.Assertion$31.doAssert(Assertion.java:383)
		at com.paypal.selion.platform.asserts.SeLionSoftAssert.executeAssert(SeLionSoftAssert.java:100)
		at com.paypal.selion.platform.asserts.SeLionSoftAssert.doAssert(SeLionSoftAssert.java:45)
		at org.testng.asserts.Assertion.assertNull(Assertion.java:380)
		at com.paypal.selion.platform.asserts.SeLionAsserts.verifyNull(SeLionAsserts.java:338)
		at com.mycompany.myselion.sample.selion.SoftAssertionsTest.simpleTestMethod(SoftAssertionsTest.java:38)
</failure>
    <system-out>Soft Assert [Ensuring that falsy values are always falsy] failed in simpleTestMethod()
java.lang.AssertionError: Ensuring that falsy values are always falsy expected [false] but found [true]
	at org.testng.Assert.fail(Assert.java:94)
	at org.testng.Assert.failNotEquals(Assert.java:496)
	at org.testng.Assert.assertFalse(Assert.java:63)
	at org.testng.asserts.Assertion$3.doAssert(Assertion.java:130)
	at com.paypal.selion.platform.asserts.SeLionSoftAssert.executeAssert(SeLionSoftAssert.java:100)
	at com.paypal.selion.platform.asserts.SeLionSoftAssert.doAssert(SeLionSoftAssert.java:45)
	at org.testng.asserts.Assertion.assertFalse(Assertion.java:127)
	at com.paypal.selion.platform.asserts.SeLionAsserts.verifyFalse(SeLionAsserts.java:224)
	at com.mycompany.myselion.sample.selion.SoftAssertionsTest.simpleTestMethod(SoftAssertionsTest.java:36)
	at sun.reflect.NativeMethodAccessorImpl.invoke0(Native Method)
	at sun.reflect.NativeMethodAccessorImpl.invoke(NativeMethodAccessorImpl.java:57)
	at sun.reflect.DelegatingMethodAccessorImpl.invoke(DelegatingMethodAccessorImpl.java:43)
	at java.lang.reflect.Method.invoke(Method.java:606)
	at org.testng.internal.MethodInvocationHelper.invokeMethod(MethodInvocationHelper.java:85)
	at org.testng.internal.Invoker.invokeMethod(Invoker.java:639)
	at org.testng.internal.Invoker.invokeTestMethod(Invoker.java:821)
	at org.testng.internal.Invoker.invokeTestMethods(Invoker.java:1131)
	at org.testng.internal.TestMethodWorker.invokeTestMethods(TestMethodWorker.java:124)
	at org.testng.internal.TestMethodWorker.run(TestMethodWorker.java:108)
	at org.testng.TestRunner.privateRun(TestRunner.java:773)
	at org.testng.TestRunner.run(TestRunner.java:623)
	at org.testng.SuiteRunner.runTest(SuiteRunner.java:357)
	at org.testng.SuiteRunner.runSequentially(SuiteRunner.java:352)
	at org.testng.SuiteRunner.privateRun(SuiteRunner.java:310)
	at org.testng.SuiteRunner.run(SuiteRunner.java:259)
	at org.testng.SuiteRunnerWorker.runSuite(SuiteRunnerWorker.java:52)
	at org.testng.SuiteRunnerWorker.run(SuiteRunnerWorker.java:86)
	at org.testng.TestNG.runSuitesSequentially(TestNG.java:1185)
	at org.testng.TestNG.runSuitesLocally(TestNG.java:1110)
	at org.testng.TestNG.run(TestNG.java:1018)
	at org.apache.maven.surefire.testng.TestNGExecutor.run(TestNGExecutor.java:73)
	at org.apache.maven.surefire.testng.TestNGXmlTestSuite.execute(TestNGXmlTestSuite.java:94)
	at org.apache.maven.surefire.Surefire.run(Surefire.java:169)
	at sun.reflect.NativeMethodAccessorImpl.invoke0(Native Method)
	at sun.reflect.NativeMethodAccessorImpl.invoke(NativeMethodAccessorImpl.java:57)
	at sun.reflect.DelegatingMethodAccessorImpl.invoke(DelegatingMethodAccessorImpl.java:43)
	at java.lang.reflect.Method.invoke(Method.java:606)
	at org.apache.maven.surefire.booter.SurefireBooter.runSuitesInProcess(SurefireBooter.java:350)
	at org.apache.maven.surefire.booter.SurefireBooter.main(SurefireBooter.java:1021)

Soft Assert [Ensuring that the author of this test was Krishnan] failed in simpleTestMethod()
java.lang.AssertionError: Ensuring that the author of this test was Krishnan expected [Krishnan] but found [null]
	at org.testng.Assert.fail(Assert.java:94)
	at org.testng.Assert.failNotEquals(Assert.java:496)
	at org.testng.Assert.assertEquals(Assert.java:116)
	at org.testng.asserts.Assertion$8.doAssert(Assertion.java:175)
	at com.paypal.selion.platform.asserts.SeLionSoftAssert.executeAssert(SeLionSoftAssert.java:100)
	at com.paypal.selion.platform.asserts.SeLionSoftAssert.doAssert(SeLionSoftAssert.java:45)
	at org.testng.asserts.Assertion.assertEquals(Assertion.java:172)
	at com.paypal.selion.platform.asserts.SeLionAsserts.verifyEquals(SeLionAsserts.java:258)
	at com.mycompany.myselion.sample.selion.SoftAssertionsTest.simpleTestMethod(SoftAssertionsTest.java:37)
	at sun.reflect.NativeMethodAccessorImpl.invoke0(Native Method)
	at sun.reflect.NativeMethodAccessorImpl.invoke(NativeMethodAccessorImpl.java:57)
	at sun.reflect.DelegatingMethodAccessorImpl.invoke(DelegatingMethodAccessorImpl.java:43)
	at java.lang.reflect.Method.invoke(Method.java:606)
	at org.testng.internal.MethodInvocationHelper.invokeMethod(MethodInvocationHelper.java:85)
	at org.testng.internal.Invoker.invokeMethod(Invoker.java:639)
	at org.testng.internal.Invoker.invokeTestMethod(Invoker.java:821)
	at org.testng.internal.Invoker.invokeTestMethods(Invoker.java:1131)
	at org.testng.internal.TestMethodWorker.invokeTestMethods(TestMethodWorker.java:124)
	at org.testng.internal.TestMethodWorker.run(TestMethodWorker.java:108)
	at org.testng.TestRunner.privateRun(TestRunner.java:773)
	at org.testng.TestRunner.run(TestRunner.java:623)
	at org.testng.SuiteRunner.runTest(SuiteRunner.java:357)
	at org.testng.SuiteRunner.runSequentially(SuiteRunner.java:352)
	at org.testng.SuiteRunner.privateRun(SuiteRunner.java:310)
	at org.testng.SuiteRunner.run(SuiteRunner.java:259)
	at org.testng.SuiteRunnerWorker.runSuite(SuiteRunnerWorker.java:52)
	at org.testng.SuiteRunnerWorker.run(SuiteRunnerWorker.java:86)
	at org.testng.TestNG.runSuitesSequentially(TestNG.java:1185)
	at org.testng.TestNG.runSuitesLocally(TestNG.java:1110)
	at org.testng.TestNG.run(TestNG.java:1018)
	at org.apache.maven.surefire.testng.TestNGExecutor.run(TestNGExecutor.java:73)
	at org.apache.maven.surefire.testng.TestNGXmlTestSuite.execute(TestNGXmlTestSuite.java:94)
	at org.apache.maven.surefire.Surefire.run(Surefire.java:169)
	at sun.reflect.NativeMethodAccessorImpl.invoke0(Native Method)
	at sun.reflect.NativeMethodAccessorImpl.invoke(NativeMethodAccessorImpl.java:57)
	at sun.reflect.DelegatingMethodAccessorImpl.invoke(DelegatingMethodAccessorImpl.java:43)
	at java.lang.reflect.Method.invoke(Method.java:606)
	at org.apache.maven.surefire.booter.SurefireBooter.runSuitesInProcess(SurefireBooter.java:350)
	at org.apache.maven.surefire.booter.SurefireBooter.main(SurefireBooter.java:1021)

Soft Assert [Ensuring that Null values stay that way] failed in simpleTestMethod()
java.lang.AssertionError: Ensuring that Null values stay that way expected [null] but found [Rambo]
	at org.testng.Assert.fail(Assert.java:94)
	at org.testng.Assert.failNotSame(Assert.java:492)
	at org.testng.Assert.assertNull(Assert.java:428)
	at org.testng.asserts.Assertion$31.doAssert(Assertion.java:383)
	at com.paypal.selion.platform.asserts.SeLionSoftAssert.executeAssert(SeLionSoftAssert.java:100)
	at com.paypal.selion.platform.asserts.SeLionSoftAssert.doAssert(SeLionSoftAssert.java:45)
	at org.testng.asserts.Assertion.assertNull(Assertion.java:380)
	at com.paypal.selion.platform.asserts.SeLionAsserts.verifyNull(SeLionAsserts.java:338)
	at com.mycompany.myselion.sample.selion.SoftAssertionsTest.simpleTestMethod(SoftAssertionsTest.java:38)
	at sun.reflect.NativeMethodAccessorImpl.invoke0(Native Method)
	at sun.reflect.NativeMethodAccessorImpl.invoke(NativeMethodAccessorImpl.java:57)
	at sun.reflect.DelegatingMethodAccessorImpl.invoke(DelegatingMethodAccessorImpl.java:43)
	at java.lang.reflect.Method.invoke(Method.java:606)
	at org.testng.internal.MethodInvocationHelper.invokeMethod(MethodInvocationHelper.java:85)
	at org.testng.internal.Invoker.invokeMethod(Invoker.java:639)
	at org.testng.internal.Invoker.invokeTestMethod(Invoker.java:821)
	at org.testng.internal.Invoker.invokeTestMethods(Invoker.java:1131)
	at org.testng.internal.TestMethodWorker.invokeTestMethods(TestMethodWorker.java:124)
	at org.testng.internal.TestMethodWorker.run(TestMethodWorker.java:108)
	at org.testng.TestRunner.privateRun(TestRunner.java:773)
	at org.testng.TestRunner.run(TestRunner.java:623)
	at org.testng.SuiteRunner.runTest(SuiteRunner.java:357)
	at org.testng.SuiteRunner.runSequentially(SuiteRunner.java:352)
	at org.testng.SuiteRunner.privateRun(SuiteRunner.java:310)
	at org.testng.SuiteRunner.run(SuiteRunner.java:259)
	at org.testng.SuiteRunnerWorker.runSuite(SuiteRunnerWorker.java:52)
	at org.testng.SuiteRunnerWorker.run(SuiteRunnerWorker.java:86)
	at org.testng.TestNG.runSuitesSequentially(TestNG.java:1185)
	at org.testng.TestNG.runSuitesLocally(TestNG.java:1110)
	at org.testng.TestNG.run(TestNG.java:1018)
	at org.apache.maven.surefire.testng.TestNGExecutor.run(TestNGExecutor.java:73)
	at org.apache.maven.surefire.testng.TestNGXmlTestSuite.execute(TestNGXmlTestSuite.java:94)
	at org.apache.maven.surefire.Surefire.run(Surefire.java:169)
	at sun.reflect.NativeMethodAccessorImpl.invoke0(Native Method)
	at sun.reflect.NativeMethodAccessorImpl.invoke(NativeMethodAccessorImpl.java:57)
	at sun.reflect.DelegatingMethodAccessorImpl.invoke(DelegatingMethodAccessorImpl.java:43)
	at java.lang.reflect.Method.invoke(Method.java:606)
	at org.apache.maven.surefire.booter.SurefireBooter.runSuitesInProcess(SurefireBooter.java:350)
	at org.apache.maven.surefire.booter.SurefireBooter.main(SurefireBooter.java:1021)

</system-out>
  </testcase>
  <testcase time="0.143" classname="com.mycompany.myselion.sample.selion.YamlPoweredDataDrivenTest" name="howToGetAllDataAsHashtable"/>
  <testcase time="0.035" classname="com.mycompany.myselion.sample.selion.YamlPoweredDataDrivenTest" name="howToGetAllDataFromDocuments"/>
  <testcase time="0.03" classname="com.mycompany.myselion.sample.selion.YamlPoweredDataDrivenTest" name="howToGetAllDataFromList"/>
  <testcase time="0.028" classname="com.mycompany.myselion.sample.selion.YamlPoweredDataDrivenTest" name="howToGetAllDataFromMap"/>
  <testcase time="0.017" classname="com.mycompany.myselion.sample.selion.YamlPoweredDataDrivenTest" name="howToGetAllDataFromStringList"/>
  <testcase time="0.028" classname="com.mycompany.myselion.sample.selion.YamlPoweredDataDrivenTest" name="howToGetAllDataFromTaggedList"/>
  <testcase time="0.03" classname="com.mycompany.myselion.sample.selion.YamlPoweredDataDrivenTest" name="howToGetDataByARangeOfIndexes"/>
  <testcase time="0.017" classname="com.mycompany.myselion.sample.selion.YamlPoweredDataDrivenTest" name="howToGetDataByASingleIndex"/>
  <testcase time="0.015" classname="com.mycompany.myselion.sample.selion.YamlPoweredDataDrivenTest" name="howToGetDataByASingleKey"/>
  <testcase time="0.027" classname="com.mycompany.myselion.sample.selion.YamlPoweredDataDrivenTest" name="howToGetDataByIndividualAndRangeOfIndexes"/>
  <testcase time="0.027" classname="com.mycompany.myselion.sample.selion.YamlPoweredDataDrivenTest" name="howToGetDataByMultipleIndexes"/>
  <testcase time="0.021" classname="com.mycompany.myselion.sample.selion.YamlPoweredDataDrivenTest" name="howToGetDataByMultipleKeys"/>
  <testcase time="0.006" classname="com.mycompany.myselion.sample.selion.YamlPoweredDataDrivenTest" name="testDataProviderGetAssociativeArray"/>
  <testcase time="0.007" classname="com.mycompany.myselion.sample.selion.YamlPoweredDataDrivenTest" name="testDataProviderGetAssociativeArray"/>
  <testcase time="0.007" classname="com.mycompany.myselion.sample.selion.YamlPoweredDataDrivenTest" name="testDataProviderGetAssociativeArrayOfArrays"/>
  <testcase time="0.007" classname="com.mycompany.myselion.sample.selion.YamlPoweredDataDrivenTest" name="testDataProviderGetAssociativeArrayOfArrays"/>
  <testcase time="0.006" classname="com.mycompany.myselion.sample.selion.YamlPoweredDataDrivenTest" name="testDataProviderGetAssociativeArrayOfLists"/>
  <testcase time="0.008" classname="com.mycompany.myselion.sample.selion.YamlPoweredDataDrivenTest" name="testDataProviderGetAssociativeArrayOfLists"/>
  <testcase time="0.007" classname="com.mycompany.myselion.sample.selion.YamlPoweredDataDrivenTest" name="testDataProviderGetAssociativeArrayOfUsers"/>
  <testcase time="0.009" classname="com.mycompany.myselion.sample.selion.YamlPoweredDataDrivenTest" name="testDataProviderGetAssociativeArrayOfUsers"/>
  <testcase time="0.005" classname="com.mycompany.myselion.sample.selion.YamlPoweredDataDrivenTest" name="testDataProviderGetAssociativeArrayOfUsers"/>
  <testcase time="0.005" classname="com.mycompany.myselion.sample.selion.YamlPoweredDataDrivenTest" name="testDataProviderGetAssociativeArrayOfUsers"/>
  <testcase time="0.006" classname="com.mycompany.myselion.sample.selion.YamlPoweredDataDrivenTest" name="testDataProviderGetAssociativeArrayOfUsers"/>
  <testcase time="0.005" classname="com.mycompany.myselion.sample.selion.YamlPoweredDataDrivenTest" name="testDataProviderGetDataByIndex"/>
  <testcase time="0.005" classname="com.mycompany.myselion.sample.selion.YamlPoweredDataDrivenTest" name="testDataProviderGetDataByIndex"/>
  <testcase time="0.004" classname="com.mycompany.myselion.sample.selion.YamlPoweredDataDrivenTest" name="testDataProviderGetDataByIndex"/>
  <testcase time="0.004" classname="com.mycompany.myselion.sample.selion.YamlPoweredDataDrivenTest" name="testDataProviderGetDataByIndex"/>
  <testcase time="0.006" classname="com.mycompany.myselion.sample.selion.YamlPoweredDataDrivenTest" name="testDataProviderGetDataByIndex"/>
  <testcase time="0.004" classname="com.mycompany.myselion.sample.selion.YamlPoweredDataDrivenTest" name="testDataProviderGetDataByIndex"/>
  <testcase time="0.006" classname="com.mycompany.myselion.sample.selion.YamlPoweredDataDrivenTest" name="testDataProviderGetDataByKeys"/>
  <testcase time="0.007" classname="com.mycompany.myselion.sample.selion.YamlPoweredDataDrivenTest" name="testDataProviderGetDataByKeys"/>
  <testcase time="0.004" classname="com.mycompany.myselion.sample.selion.YamlPoweredDataDrivenTest" name="testDataProviderGetDataByKeys"/>
  <testcase time="0.007" classname="com.mycompany.myselion.sample.selion.YamlPoweredDataDrivenTest" name="testDataProviderGetDataByKeys"/>
  <testcase time="0.005" classname="com.mycompany.myselion.sample.selion.YamlPoweredDataDrivenTest" name="testDataProviderGetDocumentSeparatedLists"/>
  <testcase time="0.005" classname="com.mycompany.myselion.sample.selion.YamlPoweredDataDrivenTest" name="testDataProviderGetDocumentSeparatedLists"/>
  <testcase time="0.005" classname="com.mycompany.myselion.sample.selion.YamlPoweredDataDrivenTest" name="testDataProviderGetDocumentSeparatedLists"/>
  <testcase time="0.004" classname="com.mycompany.myselion.sample.selion.YamlPoweredDataDrivenTest" name="testDataProviderGetDocumentSeparatedLists"/>
  <testcase time="0.004" classname="com.mycompany.myselion.sample.selion.YamlPoweredDataDrivenTest" name="testDataProviderGetDocumentSeparatedUsers"/>
  <testcase time="0.005" classname="com.mycompany.myselion.sample.selion.YamlPoweredDataDrivenTest" name="testDataProviderGetDocumentSeparatedUsers"/>
  <testcase time="0.005" classname="com.mycompany.myselion.sample.selion.YamlPoweredDataDrivenTest" name="testDataProviderGetDocumentSeparatedUsers"/>
  <testcase time="0.004" classname="com.mycompany.myselion.sample.selion.YamlPoweredDataDrivenTest" name="testDataProviderGetDocumentSeparatedUsers"/>
  <testcase time="0.014" classname="com.mycompany.myselion.sample.selion.YamlPoweredDataDrivenTest" name="testDataProviderGetDocumentSeparatedUsers"/>
  <testcase time="0.005" classname="com.mycompany.myselion.sample.selion.YamlPoweredDataDrivenTest" name="testDataProviderGetDocumentSeparatedUsers"/>
  <testcase time="0.003" classname="com.mycompany.myselion.sample.selion.YamlPoweredDataDrivenTest" name="testDataProviderGetList"/>
  <testcase time="0.003" classname="com.mycompany.myselion.sample.selion.YamlPoweredDataDrivenTest" name="testDataProviderGetList"/>
  <testcase time="0.004" classname="com.mycompany.myselion.sample.selion.YamlPoweredDataDrivenTest" name="testDataProviderGetList"/>
  <testcase time="0.005" classname="com.mycompany.myselion.sample.selion.YamlPoweredDataDrivenTest" name="testDataProviderGetListOfAssociativeArrays"/>
  <testcase time="0.004" classname="com.mycompany.myselion.sample.selion.YamlPoweredDataDrivenTest" name="testDataProviderGetListOfAssociativeArrays"/>
  <testcase time="0.005" classname="com.mycompany.myselion.sample.selion.YamlPoweredDataDrivenTest" name="testDataProviderGetListOfAssociativeArrays"/>
  <testcase time="0.004" classname="com.mycompany.myselion.sample.selion.YamlPoweredDataDrivenTest" name="testDataProviderGetListOfAssociativeArrays"/>
  <testcase time="0.005" classname="com.mycompany.myselion.sample.selion.YamlPoweredDataDrivenTest" name="testDataProviderGetListOfAssociativeArrays"/>
  <testcase time="0.004" classname="com.mycompany.myselion.sample.selion.YamlPoweredDataDrivenTest" name="testDataProviderGetListOfAssociativeArrays"/>
  <testcase time="0.003" classname="com.mycompany.myselion.sample.selion.YamlPoweredDataDrivenTest" name="testDataProviderGetListOfLists"/>
  <testcase time="0.005" classname="com.mycompany.myselion.sample.selion.YamlPoweredDataDrivenTest" name="testDataProviderGetListOfLists"/>
  <testcase time="0.004" classname="com.mycompany.myselion.sample.selion.YamlPoweredDataDrivenTest" name="testDataProviderGetListOfUsers"/>
  <testcase time="0.004" classname="com.mycompany.myselion.sample.selion.YamlPoweredDataDrivenTest" name="testDataProviderGetListOfUsers"/>
  <testcase time="0.004" classname="com.mycompany.myselion.sample.selion.YamlPoweredDataDrivenTest" name="testDataProviderGetListOfUsers"/>
  <testcase time="0.004" classname="com.mycompany.myselion.sample.selion.YamlPoweredDataDrivenTest" name="testDataProviderGetListOfUsers"/>
  <testcase time="0.004" classname="com.mycompany.myselion.sample.selion.YamlPoweredDataDrivenTest" name="testDataProviderGetListOfUsers"/>
  <testcase time="0.004" classname="com.mycompany.myselion.sample.selion.YamlPoweredDataDrivenTest" name="testDataProviderGetListOfUsers"/>
  <testcase time="0.005" classname="com.mycompany.myselion.sample.selion.YamlPoweredDataDrivenTest" name="testDataProviderGetMultipleArguments"/>
  <testcase time="0.004" classname="com.mycompany.myselion.sample.selion.YamlPoweredDataDrivenTest" name="testDataProviderGetMultipleArguments"/>
  <testcase time="0.004" classname="com.mycompany.myselion.sample.selion.YamlPoweredDataDrivenTest" name="testDataProviderGetMultipleArguments"/>
  <testcase time="0.004" classname="com.mycompany.myselion.sample.selion.YamlPoweredDataDrivenTest" name="testDataProviderGetMultipleArguments"/>
  <testcase time="0.004" classname="com.mycompany.myselion.sample.selion.YamlPoweredDataDrivenTest" name="testDataProviderGetMultipleArguments"/>
  <testcase time="0.004" classname="com.mycompany.myselion.sample.selion.YamlPoweredDataDrivenTest" name="testDataProviderGetMultipleArguments"/>
  <testcase time="0.004" classname="com.mycompany.myselion.sample.selion.YamlPoweredDataDrivenTest" name="testDataProviderGetStringList"/>
  <testcase time="0.005" classname="com.mycompany.myselion.sample.selion.YamlPoweredDataDrivenTest" name="testDataProviderGetStringList"/>
  <testcase time="0.003" classname="com.mycompany.myselion.sample.selion.YamlPoweredDataDrivenTest" name="testDataProviderGetStringList"/>
</testsuite>